\BOOKMARK [0][-]{chapter*.2}{Preface}{}% 1
\BOOKMARK [0][-]{chapter*.3}{Mission and Overview}{}% 2
\BOOKMARK [0][-]{chapter*.4}{Organization}{}% 3
\BOOKMARK [-1][-]{part.1}{I Research Division}{}% 4
\BOOKMARK [0][-]{chapter.1}{System Software Research Team}{part.1}% 5
\BOOKMARK [0][-]{chapter.2}{Programming Environment Research Team}{part.1}% 6
\BOOKMARK [0][-]{chapter.3}{Large-Scale Parallel Numerical Computing Technology Research Team}{part.1}% 7
\BOOKMARK [0][-]{chapter.4}{HPC Usability Research Team}{part.1}% 8
\BOOKMARK [0][-]{chapter.5}{Field Theory Research Team}{part.1}% 9
\BOOKMARK [0][-]{chapter.6}{Discrete-Event Simulation Research Team}{part.1}% 10
\BOOKMARK [0][-]{chapter.7}{Computational Molecular Science Research Team}{part.1}% 11
\BOOKMARK [0][-]{chapter.8}{Computational Materials Science Research Team}{part.1}% 12
\BOOKMARK [0][-]{chapter.9}{Computational Biophysics Research Team}{part.1}% 13
\BOOKMARK [0][-]{chapter.10}{Particle Simulator Research Team}{part.1}% 14
\BOOKMARK [0][-]{chapter.11}{Computational Climate Science Research Team}{part.1}% 15
\BOOKMARK [0][-]{chapter.12}{Complex Phenomena Unified Simulation Research Team}{part.1}% 16
\BOOKMARK [0][-]{chapter.13}{HPC Programming Framework Research Team}{part.1}% 17
\BOOKMARK [0][-]{chapter.14}{Advanced Visualization Research Team}{part.1}% 18
\BOOKMARK [0][-]{chapter.15}{Data Assimilation Research Team}{part.1}% 19
\BOOKMARK [0][-]{chapter.16}{Computational Chemistry Research Unit}{part.1}% 20
\BOOKMARK [0][-]{chapter.17}{Computational Disaster Mitigation and Reduction Research Unit}{part.1}% 21
\BOOKMARK [0][-]{chapter.18}{Computational Structural Biology Research Unit}{part.1}% 22
\BOOKMARK [-1][-]{part.2}{II Operations and Computer Technologies Division}{}% 23
\BOOKMARK [0][-]{chapter.19}{Facility Operations and Development Team}{part.2}% 24
\BOOKMARK [0][-]{chapter.20}{System Operations and Development Team}{part.2}% 25
\BOOKMARK [0][-]{chapter.21}{Software Development Team}{part.2}% 26
\BOOKMARK [0][-]{chapter.22}{HPCI System Development Team}{part.2}% 27
\BOOKMARK [-1][-]{part.3}{III Flagship 2020 Project}{}% 28
\BOOKMARK [0][-]{chapter.23}{Flagship 2020 Project}{part.3}% 29
